*** Starting uWSGI 2.0.18 (64bit) on [Fri Oct 18 16:13:27 2019] ***
compiled with version: 4.8.5 20150623 (Red Hat 4.8.5-39) on 14 October 2019 09:03:15
os: Linux-3.10.0-1062.1.2.el7.x86_64 #1 SMP Mon Sep 30 14:19:46 UTC 2019
nodename: iz2zeeddn76l5vnj26mpqjz
machine: x86_64
clock source: unix
pcre jit disabled
detected number of CPU cores: 1
current working directory: /var/root/mypro
detected binary path: /usr/local/bin/uwsgi
uWSGI running as root, you can use --uid/--gid/--chroot options
*** WARNING: you are running uWSGI as root !!! (use the --uid flag) *** 
chdir() to /var/root/mypro
your processes number limit is 3882
your memory page size is 4096 bytes
detected max file descriptor number: 65535
lock engine: pthread robust mutexes
thunder lock: disabled (you can enable it with --thunder-lock)
uwsgi socket 0 bound to TCP address 0.0.0.0:8002 fd 3
uWSGI running as root, you can use --uid/--gid/--chroot options
*** WARNING: you are running uWSGI as root !!! (use the --uid flag) *** 
Python version: 3.6.8 (default, Aug  7 2019, 17:28:10)  [GCC 4.8.5 20150623 (Red Hat 4.8.5-39)]
*** Python threads support is disabled. You can enable it with --enable-threads ***
Python main interpreter initialized at 0x1379cb0
uWSGI running as root, you can use --uid/--gid/--chroot options
*** WARNING: you are running uWSGI as root !!! (use the --uid flag) *** 
your server socket listen backlog is limited to 100 connections
your mercy for graceful operations on workers is 60 seconds
mapped 291680 bytes (284 KB) for 3 cores
*** Operational MODE: preforking ***
added /usr/bin/python3 to pythonpath.
WSGI app 0 (mountpoint='') ready in 1 seconds on interpreter 0x1379cb0 pid: 2689 (default app)
uWSGI running as root, you can use --uid/--gid/--chroot options
*** WARNING: you are running uWSGI as root !!! (use the --uid flag) *** 
*** uWSGI is running in multiple interpreter mode ***
spawned uWSGI master process (pid: 2689)
spawned uWSGI worker 1 (pid: 2691, cores: 1)
spawned uWSGI worker 2 (pid: 2692, cores: 1)
spawned uWSGI worker 3 (pid: 2693, cores: 1)
*** Starting uWSGI 2.0.18 (64bit) on [Fri Oct 18 16:13:35 2019] ***
compiled with version: 4.8.5 20150623 (Red Hat 4.8.5-39) on 14 October 2019 09:03:15
os: Linux-3.10.0-1062.1.2.el7.x86_64 #1 SMP Mon Sep 30 14:19:46 UTC 2019
nodename: iz2zeeddn76l5vnj26mpqjz
machine: x86_64
clock source: unix
pcre jit disabled
detected number of CPU cores: 1
current working directory: /var/root/mypro
detected binary path: /usr/local/bin/uwsgi
uWSGI running as root, you can use --uid/--gid/--chroot options
*** WARNING: you are running uWSGI as root !!! (use the --uid flag) *** 
chdir() to /var/root/mypro
your processes number limit is 3882
your memory page size is 4096 bytes
detected max file descriptor number: 65535
lock engine: pthread robust mutexes
thunder lock: disabled (you can enable it with --thunder-lock)
probably another instance of uWSGI is running on the same address (0.0.0.0:8002).
bind(): Address already in use [core/socket.c line 769]
SIGINT/SIGQUIT received...killing workers...
worker 1 buried after 1 seconds
worker 2 buried after 1 seconds
worker 3 buried after 1 seconds
goodbye to uWSGI.
*** Starting uWSGI 2.0.18 (64bit) on [Fri Oct 18 16:16:17 2019] ***
compiled with version: 4.8.5 20150623 (Red Hat 4.8.5-39) on 14 October 2019 09:03:15
os: Linux-3.10.0-1062.1.2.el7.x86_64 #1 SMP Mon Sep 30 14:19:46 UTC 2019
nodename: iz2zeeddn76l5vnj26mpqjz
machine: x86_64
clock source: unix
pcre jit disabled
detected number of CPU cores: 1
current working directory: /var/root/mypro
detected binary path: /usr/local/bin/uwsgi
uWSGI running as root, you can use --uid/--gid/--chroot options
*** WARNING: you are running uWSGI as root !!! (use the --uid flag) *** 
chdir() to /var/root/mypro
your processes number limit is 3882
your memory page size is 4096 bytes
detected max file descriptor number: 65535
lock engine: pthread robust mutexes
thunder lock: disabled (you can enable it with --thunder-lock)
uwsgi socket 0 bound to TCP address 0.0.0.0:8002 fd 3
uWSGI running as root, you can use --uid/--gid/--chroot options
*** WARNING: you are running uWSGI as root !!! (use the --uid flag) *** 
Python version: 3.6.8 (default, Aug  7 2019, 17:28:10)  [GCC 4.8.5 20150623 (Red Hat 4.8.5-39)]
*** Python threads support is disabled. You can enable it with --enable-threads ***
Python main interpreter initialized at 0x135ecd0
uWSGI running as root, you can use --uid/--gid/--chroot options
*** WARNING: you are running uWSGI as root !!! (use the --uid flag) *** 
your server socket listen backlog is limited to 100 connections
your mercy for graceful operations on workers is 60 seconds
mapped 291680 bytes (284 KB) for 3 cores
*** Operational MODE: preforking ***
added /usr/bin/python3 to pythonpath.
WSGI app 0 (mountpoint='') ready in 0 seconds on interpreter 0x135ecd0 pid: 2722 (default app)
uWSGI running as root, you can use --uid/--gid/--chroot options
*** WARNING: you are running uWSGI as root !!! (use the --uid flag) *** 
*** uWSGI is running in multiple interpreter mode ***
spawned uWSGI master process (pid: 2722)
spawned uWSGI worker 1 (pid: 2724, cores: 1)
spawned uWSGI worker 2 (pid: 2725, cores: 1)
spawned uWSGI worker 3 (pid: 2726, cores: 1)
invalid request block size: 21573 (max 4096)...skip
invalid request block size: 21573 (max 4096)...skip
invalid request block size: 21573 (max 4096)...skip
invalid request block size: 21573 (max 4096)...skip
invalid request block size: 21573 (max 4096)...skip
invalid request block size: 21573 (max 4096)...skip
*** Starting uWSGI 2.0.18 (64bit) on [Fri Oct 18 16:19:12 2019] ***
compiled with version: 4.8.5 20150623 (Red Hat 4.8.5-39) on 14 October 2019 09:03:15
os: Linux-3.10.0-1062.1.2.el7.x86_64 #1 SMP Mon Sep 30 14:19:46 UTC 2019
nodename: iz2zeeddn76l5vnj26mpqjz
machine: x86_64
clock source: unix
pcre jit disabled
detected number of CPU cores: 1
current working directory: /var/root/mypro
detected binary path: /usr/local/bin/uwsgi
uWSGI running as root, you can use --uid/--gid/--chroot options
*** WARNING: you are running uWSGI as root !!! (use the --uid flag) *** 
chdir() to /var/root/mypro
your processes number limit is 3882
your memory page size is 4096 bytes
detected max file descriptor number: 65535
lock engine: pthread robust mutexes
thunder lock: disabled (you can enable it with --thunder-lock)
probably another instance of uWSGI is running on the same address (0.0.0.0:8002).
bind(): Address already in use [core/socket.c line 769]
invalid request block size: 21573 (max 4096)...skip
invalid request block size: 21573 (max 4096)...skip
invalid request block size: 21573 (max 4096)...skip
invalid request block size: 21573 (max 4096)...skip
*** Starting uWSGI 2.0.18 (64bit) on [Fri Oct 18 16:19:31 2019] ***
compiled with version: 4.8.5 20150623 (Red Hat 4.8.5-39) on 14 October 2019 09:03:15
os: Linux-3.10.0-1062.1.2.el7.x86_64 #1 SMP Mon Sep 30 14:19:46 UTC 2019
nodename: iz2zeeddn76l5vnj26mpqjz
machine: x86_64
clock source: unix
pcre jit disabled
detected number of CPU cores: 1
current working directory: /var/root/mypro
detected binary path: /usr/local/bin/uwsgi
uWSGI running as root, you can use --uid/--gid/--chroot options
*** WARNING: you are running uWSGI as root !!! (use the --uid flag) *** 
chdir() to /var/root/mypro
your processes number limit is 3882
your memory page size is 4096 bytes
detected max file descriptor number: 65535
lock engine: pthread robust mutexes
thunder lock: disabled (you can enable it with --thunder-lock)
probably another instance of uWSGI is running on the same address (0.0.0.0:8002).
bind(): Address already in use [core/socket.c line 769]
invalid request block size: 21573 (max 4096)...skip
invalid request block size: 21573 (max 4096)...skip
SIGINT/SIGQUIT received...killing workers...
worker 1 buried after 1 seconds
worker 2 buried after 1 seconds
worker 3 buried after 1 seconds
goodbye to uWSGI.
*** Starting uWSGI 2.0.18 (64bit) on [Fri Oct 18 16:22:16 2019] ***
compiled with version: 4.8.5 20150623 (Red Hat 4.8.5-39) on 14 October 2019 09:03:15
os: Linux-3.10.0-1062.1.2.el7.x86_64 #1 SMP Mon Sep 30 14:19:46 UTC 2019
nodename: iz2zeeddn76l5vnj26mpqjz
machine: x86_64
clock source: unix
pcre jit disabled
detected number of CPU cores: 1
current working directory: /var/root/mypro
detected binary path: /usr/local/bin/uwsgi
uWSGI running as root, you can use --uid/--gid/--chroot options
*** WARNING: you are running uWSGI as root !!! (use the --uid flag) *** 
chdir() to /var/root/mypro
your processes number limit is 3882
your memory page size is 4096 bytes
detected max file descriptor number: 65535
lock engine: pthread robust mutexes
thunder lock: disabled (you can enable it with --thunder-lock)
bind(): Cannot assign requested address [core/socket.c line 769]
*** Starting uWSGI 2.0.18 (64bit) on [Fri Oct 18 16:22:28 2019] ***
compiled with version: 4.8.5 20150623 (Red Hat 4.8.5-39) on 14 October 2019 09:03:15
os: Linux-3.10.0-1062.1.2.el7.x86_64 #1 SMP Mon Sep 30 14:19:46 UTC 2019
nodename: iz2zeeddn76l5vnj26mpqjz
machine: x86_64
clock source: unix
pcre jit disabled
detected number of CPU cores: 1
current working directory: /var/root/mypro
detected binary path: /usr/local/bin/uwsgi
uWSGI running as root, you can use --uid/--gid/--chroot options
*** WARNING: you are running uWSGI as root !!! (use the --uid flag) *** 
chdir() to /var/root/mypro
your processes number limit is 3882
your memory page size is 4096 bytes
detected max file descriptor number: 65535
lock engine: pthread robust mutexes
thunder lock: disabled (you can enable it with --thunder-lock)
bind(): Cannot assign requested address [core/socket.c line 769]
*** Starting uWSGI 2.0.18 (64bit) on [Fri Oct 18 16:22:39 2019] ***
compiled with version: 4.8.5 20150623 (Red Hat 4.8.5-39) on 14 October 2019 09:03:15
os: Linux-3.10.0-1062.1.2.el7.x86_64 #1 SMP Mon Sep 30 14:19:46 UTC 2019
nodename: iz2zeeddn76l5vnj26mpqjz
machine: x86_64
clock source: unix
pcre jit disabled
detected number of CPU cores: 1
current working directory: /var/root/mypro
detected binary path: /usr/local/bin/uwsgi
uWSGI running as root, you can use --uid/--gid/--chroot options
*** WARNING: you are running uWSGI as root !!! (use the --uid flag) *** 
chdir() to /var/root/mypro
your processes number limit is 3882
your memory page size is 4096 bytes
detected max file descriptor number: 65535
lock engine: pthread robust mutexes
thunder lock: disabled (you can enable it with --thunder-lock)
bind(): Cannot assign requested address [core/socket.c line 769]
*** Starting uWSGI 2.0.18 (64bit) on [Fri Oct 18 16:23:51 2019] ***
compiled with version: 4.8.5 20150623 (Red Hat 4.8.5-39) on 14 October 2019 09:03:15
os: Linux-3.10.0-1062.1.2.el7.x86_64 #1 SMP Mon Sep 30 14:19:46 UTC 2019
nodename: iz2zeeddn76l5vnj26mpqjz
machine: x86_64
clock source: unix
pcre jit disabled
detected number of CPU cores: 1
current working directory: /var/root/mypro
detected binary path: /usr/local/bin/uwsgi
uWSGI running as root, you can use --uid/--gid/--chroot options
*** WARNING: you are running uWSGI as root !!! (use the --uid flag) *** 
chdir() to /var/root/mypro
your processes number limit is 3882
your memory page size is 4096 bytes
detected max file descriptor number: 65535
lock engine: pthread robust mutexes
thunder lock: disabled (you can enable it with --thunder-lock)
bind(): Cannot assign requested address [core/socket.c line 769]
*** Starting uWSGI 2.0.18 (64bit) on [Fri Oct 18 16:23:55 2019] ***
compiled with version: 4.8.5 20150623 (Red Hat 4.8.5-39) on 14 October 2019 09:03:15
os: Linux-3.10.0-1062.1.2.el7.x86_64 #1 SMP Mon Sep 30 14:19:46 UTC 2019
nodename: iz2zeeddn76l5vnj26mpqjz
machine: x86_64
clock source: unix
pcre jit disabled
detected number of CPU cores: 1
current working directory: /var/root/mypro
detected binary path: /usr/local/bin/uwsgi
uWSGI running as root, you can use --uid/--gid/--chroot options
*** WARNING: you are running uWSGI as root !!! (use the --uid flag) *** 
chdir() to /var/root/mypro
your processes number limit is 3882
your memory page size is 4096 bytes
detected max file descriptor number: 65535
lock engine: pthread robust mutexes
thunder lock: disabled (you can enable it with --thunder-lock)
bind(): Cannot assign requested address [core/socket.c line 769]
*** Starting uWSGI 2.0.18 (64bit) on [Fri Oct 18 16:26:53 2019] ***
compiled with version: 4.8.5 20150623 (Red Hat 4.8.5-39) on 14 October 2019 09:03:15
os: Linux-3.10.0-1062.1.2.el7.x86_64 #1 SMP Mon Sep 30 14:19:46 UTC 2019
nodename: iz2zeeddn76l5vnj26mpqjz
machine: x86_64
clock source: unix
pcre jit disabled
detected number of CPU cores: 1
current working directory: /var/root/mypro
detected binary path: /usr/local/bin/uwsgi
uWSGI running as root, you can use --uid/--gid/--chroot options
*** WARNING: you are running uWSGI as root !!! (use the --uid flag) *** 
chdir() to /var/root/mypro
your processes number limit is 3882
your memory page size is 4096 bytes
detected max file descriptor number: 65535
lock engine: pthread robust mutexes
thunder lock: disabled (you can enable it with --thunder-lock)
uwsgi socket 0 bound to TCP address 0.0.0.0:8002 fd 3
uWSGI running as root, you can use --uid/--gid/--chroot options
*** WARNING: you are running uWSGI as root !!! (use the --uid flag) *** 
Python version: 3.6.8 (default, Aug  7 2019, 17:28:10)  [GCC 4.8.5 20150623 (Red Hat 4.8.5-39)]
*** Python threads support is disabled. You can enable it with --enable-threads ***
Python main interpreter initialized at 0x99fcb0
uWSGI running as root, you can use --uid/--gid/--chroot options
*** WARNING: you are running uWSGI as root !!! (use the --uid flag) *** 
your server socket listen backlog is limited to 100 connections
your mercy for graceful operations on workers is 60 seconds
mapped 291680 bytes (284 KB) for 3 cores
*** Operational MODE: preforking ***
added /usr/bin/python3 to pythonpath.
WSGI app 0 (mountpoint='') ready in 0 seconds on interpreter 0x99fcb0 pid: 2849 (default app)
uWSGI running as root, you can use --uid/--gid/--chroot options
*** WARNING: you are running uWSGI as root !!! (use the --uid flag) *** 
*** uWSGI is running in multiple interpreter mode ***
spawned uWSGI master process (pid: 2849)
spawned uWSGI worker 1 (pid: 2851, cores: 1)
spawned uWSGI worker 2 (pid: 2852, cores: 1)
spawned uWSGI worker 3 (pid: 2853, cores: 1)
*** Starting uWSGI 2.0.18 (64bit) on [Fri Oct 18 16:26:56 2019] ***
compiled with version: 4.8.5 20150623 (Red Hat 4.8.5-39) on 14 October 2019 09:03:15
os: Linux-3.10.0-1062.1.2.el7.x86_64 #1 SMP Mon Sep 30 14:19:46 UTC 2019
nodename: iz2zeeddn76l5vnj26mpqjz
machine: x86_64
clock source: unix
pcre jit disabled
detected number of CPU cores: 1
current working directory: /var/root/mypro
detected binary path: /usr/local/bin/uwsgi
uWSGI running as root, you can use --uid/--gid/--chroot options
*** WARNING: you are running uWSGI as root !!! (use the --uid flag) *** 
chdir() to /var/root/mypro
your processes number limit is 3882
your memory page size is 4096 bytes
detected max file descriptor number: 65535
lock engine: pthread robust mutexes
thunder lock: disabled (you can enable it with --thunder-lock)
probably another instance of uWSGI is running on the same address (0.0.0.0:8002).
bind(): Address already in use [core/socket.c line 769]
invalid request block size: 21573 (max 4096)...skip
SIGINT/SIGQUIT received...killing workers...
worker 1 buried after 1 seconds
worker 2 buried after 1 seconds
worker 3 buried after 1 seconds
goodbye to uWSGI.
